This is XeTeX, Version 3.14159265-2.6-0.99999 (TeX Live 2018) (preloaded format=xelatex 2018.4.16)  12 NOV 2020 02:43
entering extended mode
 restricted \write18 enabled.
 %&-line parsing enabled.
**template.tex
(./template.tex
LaTeX2e <2018-04-01> patch level 2
Babel <3.18> and hyphenation patterns for 84 language(s) loaded.
(./imsart.cls
Document Class: imsart 2020/08/23 driver class for package imsart.sty
(/usr/local/texlive/2018/texmf-dist/tex/latex/base/article.cls
Document Class: article 2014/09/29 v1.4h Standard LaTeX document class
(/usr/local/texlive/2018/texmf-dist/tex/latex/base/size10.clo
File: size10.clo 2014/09/29 v1.4h Standard LaTeX file (size option)
)
\c@part=\count80
\c@section=\count81
\c@subsection=\count82
\c@subsubsection=\count83
\c@paragraph=\count84
\c@subparagraph=\count85
\c@figure=\count86
\c@table=\count87
\abovecaptionskip=\skip41
\belowcaptionskip=\skip42
\bibindent=\dimen102
) (./imsart.sty
File: imsart.sty 2020/11/02 IMS article style

(/usr/local/texlive/2018/texmf-dist/tex/latex/etoolbox/etoolbox.sty
Package: etoolbox 2018/02/11 v2.5e e-TeX tools for LaTeX (JAW)
\etb@tempcnta=\count88
)
No file imsart.cnf.
\c@firstpage=\count89
\c@lastpage=\count90
\c@thanks=\count91
\c@addressref=\count92
(/usr/local/texlive/2018/texmf-dist/tex/latex/graphics/keyval.sty
Package: keyval 2014/10/28 v1.15 key=value parser (DPC)
\KV@toks@=\toks14
)
\c@emailref=\count93
\c@author=\count94
\c@address=\count95
\sv@mathsurround=\dimen103
\sv@parindent=\dimen104
\fm@box=\box26
\fm@size=\dimen105
\t@xtheight=\dimen106
\abstract@box=\box27
\keyword@box=\box28
\pre@kwd@depth=\dimen107

(/usr/local/texlive/2018/texmf-dist/tex/latex/base/fix-cm.sty
Package: fix-cm 2015/01/14 v1.1t fixes to LaTeX

(/usr/local/texlive/2018/texmf-dist/tex/latex/base/ts1enc.def
File: ts1enc.def 2001/06/05 v3.0e (jk/car/fm) Standard LaTeX file
))
\authors@list=\toks15
\keywords@list=\toks16

No file imsart-ba.cnf.
No file imsart-vtex.cnf.
)) (/usr/local/texlive/2018/texmf-dist/tex/latex/subfigure/subfigure.sty
Package: subfigure 2002/03/15 v2.1.5 subfigure package
\subfigtopskip=\skip43
\subfigcapskip=\skip44
\subfigcaptopadj=\dimen108
\subfigbottomskip=\skip45
\subfigcapmargin=\dimen109
\subfiglabelskip=\skip46
\c@subfigure=\count96
\c@lofdepth=\count97
\c@subtable=\count98
\c@lotdepth=\count99

****************************************
* Local config file subfigure.cfg used *
****************************************
(/usr/local/texlive/2018/texmf-dist/tex/latex/subfigure/subfigure.cfg)
\subfig@top=\skip47
\subfig@bottom=\skip48
)
(/usr/local/texlive/2018/texmf-dist/tex/latex/amscls/amsthm.sty
Package: amsthm 2017/10/31 v2.20.4
\thm@style=\toks17
\thm@bodyfont=\toks18
\thm@headfont=\toks19
\thm@notefont=\toks20
\thm@headpunct=\toks21
\thm@preskip=\skip49
\thm@postskip=\skip50
\thm@headsep=\skip51
\dth@everypar=\toks22
)
(/usr/local/texlive/2018/texmf-dist/tex/latex/amsmath/amsmath.sty
Package: amsmath 2017/09/02 v2.17a AMS math features
\@mathmargin=\skip52

For additional information on amsmath, use the `?' option.
(/usr/local/texlive/2018/texmf-dist/tex/latex/amsmath/amstext.sty
Package: amstext 2000/06/29 v2.01 AMS text

(/usr/local/texlive/2018/texmf-dist/tex/latex/amsmath/amsgen.sty
File: amsgen.sty 1999/11/30 v2.0 generic functions
\@emptytoks=\toks23
\ex@=\dimen110
))
(/usr/local/texlive/2018/texmf-dist/tex/latex/amsmath/amsbsy.sty
Package: amsbsy 1999/11/29 v1.2d Bold Symbols
\pmbraise@=\dimen111
)
(/usr/local/texlive/2018/texmf-dist/tex/latex/amsmath/amsopn.sty
Package: amsopn 2016/03/08 v2.02 operator names
)
\inf@bad=\count100
LaTeX Info: Redefining \frac on input line 213.
\uproot@=\count101
\leftroot@=\count102
LaTeX Info: Redefining \overline on input line 375.
\classnum@=\count103
\DOTSCASE@=\count104
LaTeX Info: Redefining \ldots on input line 472.
LaTeX Info: Redefining \dots on input line 475.
LaTeX Info: Redefining \cdots on input line 596.
\Mathstrutbox@=\box29
\strutbox@=\box30
\big@size=\dimen112
LaTeX Font Info:    Redeclaring font encoding OML on input line 712.
LaTeX Font Info:    Redeclaring font encoding OMS on input line 713.
\macc@depth=\count105
\c@MaxMatrixCols=\count106
\dotsspace@=\muskip10
\c@parentequation=\count107
\dspbrk@lvl=\count108
\tag@help=\toks24
\row@=\count109
\column@=\count110
\maxfields@=\count111
\andhelp@=\toks25
\eqnshift@=\dimen113
\alignsep@=\dimen114
\tagshift@=\dimen115
\tagwidth@=\dimen116
\totwidth@=\dimen117
\lineht@=\dimen118
\@envbody=\toks26
\multlinegap=\skip53
\multlinetaggap=\skip54
\mathdisplay@stack=\toks27
LaTeX Info: Redefining \[ on input line 2817.
LaTeX Info: Redefining \] on input line 2818.
)
(/usr/local/texlive/2018/texmf-dist/tex/latex/amsfonts/amsfonts.sty
Package: amsfonts 2013/01/14 v3.01 Basic AMSFonts support
\symAMSa=\mathgroup4
\symAMSb=\mathgroup5
LaTeX Font Info:    Overwriting math alphabet `\mathfrak' in version `bold'
(Font)                  U/euf/m/n --> U/euf/b/n on input line 106.
)
(/usr/local/texlive/2018/texmf-dist/tex/latex/natbib/natbib.sty
Package: natbib 2010/09/13 8.31b (PWD, AO)
\bibhang=\skip55
\bibsep=\skip56
LaTeX Info: Redefining \cite on input line 694.
\c@NAT@ctr=\count112
)
(/usr/local/texlive/2018/texmf-dist/tex/latex/hyperref/hyperref.sty
Package: hyperref 2018/02/06 v6.86b Hypertext links for LaTeX

(/usr/local/texlive/2018/texmf-dist/tex/generic/oberdiek/hobsub-hyperref.sty
Package: hobsub-hyperref 2016/05/16 v1.14 Bundle oberdiek, subset hyperref (HO)


(/usr/local/texlive/2018/texmf-dist/tex/generic/oberdiek/hobsub-generic.sty
Package: hobsub-generic 2016/05/16 v1.14 Bundle oberdiek, subset generic (HO)
Package: hobsub 2016/05/16 v1.14 Construct package bundles (HO)
Package: infwarerr 2016/05/16 v1.4 Providing info/warning/error messages (HO)
Package: ltxcmds 2016/05/16 v1.23 LaTeX kernel commands for general use (HO)
Package: ifluatex 2016/05/16 v1.4 Provides the ifluatex switch (HO)
Package ifluatex Info: LuaTeX not detected.
Package: ifvtex 2016/05/16 v1.6 Detect VTeX and its facilities (HO)
Package ifvtex Info: VTeX not detected.
Package: intcalc 2016/05/16 v1.2 Expandable calculations with integers (HO)
Package: ifpdf 2017/03/15 v3.2 Provides the ifpdf switch
Package: etexcmds 2016/05/16 v1.6 Avoid name clashes with e-TeX commands (HO)
Package etexcmds Info: Could not find \expanded.
(etexcmds)             That can mean that you are not using pdfTeX 1.50 or
(etexcmds)             that some package has redefined \expanded.
(etexcmds)             In the latter case, load this package earlier.
Package: kvsetkeys 2016/05/16 v1.17 Key value parser (HO)
Package: kvdefinekeys 2016/05/16 v1.4 Define keys (HO)
Package: pdftexcmds 2018/01/30 v0.27 Utility functions of pdfTeX for LuaTeX (HO
)
Package pdftexcmds Info: LuaTeX not detected.
Package pdftexcmds Info: pdfTeX >= 1.30 not detected.
Package pdftexcmds Info: \pdf@primitive is available.
Package pdftexcmds Info: \pdf@ifprimitive is available.
Package pdftexcmds Info: \pdfdraftmode not found.
Package: pdfescape 2016/05/16 v1.14 Implements pdfTeX's escape features (HO)
Package: bigintcalc 2016/05/16 v1.4 Expandable calculations on big integers (HO
)
Package: bitset 2016/05/16 v1.2 Handle bit-vector datatype (HO)
Package: uniquecounter 2016/05/16 v1.3 Provide unlimited unique counter (HO)
)
Package hobsub Info: Skipping package `hobsub' (already loaded).
Package: letltxmacro 2016/05/16 v1.5 Let assignment for LaTeX macros (HO)
Package: hopatch 2016/05/16 v1.3 Wrapper for package hooks (HO)
Package: xcolor-patch 2016/05/16 xcolor patch
Package: atveryend 2016/05/16 v1.9 Hooks at the very end of document (HO)
Package: atbegshi 2016/06/09 v1.18 At begin shipout hook (HO)
Package: refcount 2016/05/16 v3.5 Data extraction from label references (HO)
Package: hycolor 2016/05/16 v1.8 Color options for hyperref/bookmark (HO)
)
(/usr/local/texlive/2018/texmf-dist/tex/generic/ifxetex/ifxetex.sty
Package: ifxetex 2010/09/12 v0.6 Provides ifxetex conditional
)
(/usr/local/texlive/2018/texmf-dist/tex/latex/oberdiek/auxhook.sty
Package: auxhook 2016/05/16 v1.4 Hooks for auxiliary files (HO)
)
(/usr/local/texlive/2018/texmf-dist/tex/latex/oberdiek/kvoptions.sty
Package: kvoptions 2016/05/16 v3.12 Key value format for package options (HO)
)
\@linkdim=\dimen119
\Hy@linkcounter=\count113
\Hy@pagecounter=\count114

(/usr/local/texlive/2018/texmf-dist/tex/latex/hyperref/pd1enc.def
File: pd1enc.def 2018/02/06 v6.86b Hyperref: PDFDocEncoding definition (HO)
)
\Hy@SavedSpaceFactor=\count115

(/usr/local/texlive/2018/texmf-dist/tex/latex/latexconfig/hyperref.cfg
File: hyperref.cfg 2002/06/06 v1.2 hyperref configuration of TeXLive
)
Package hyperref Info: Option `colorlinks' set `true' on input line 4383.
Package hyperref Info: Option `linktocpage' set `true' on input line 4383.
Package hyperref Info: Option `colorlinks' set `true' on input line 4383.
Package hyperref Info: Hyper figures OFF on input line 4509.
Package hyperref Info: Link nesting OFF on input line 4514.
Package hyperref Info: Hyper index ON on input line 4517.
Package hyperref Info: Plain pages OFF on input line 4524.
Package hyperref Info: Backreferencing ON on input line 4527.
Package hyperref Info: Implicit mode ON; LaTeX internals redefined.
Package hyperref Info: Bookmarks ON on input line 4762.

(/usr/local/texlive/2018/texmf-dist/tex/latex/hyperref/backref.sty
Package: backref 2016/05/21 v1.39 Bibliographical back referencing

(/usr/local/texlive/2018/texmf-dist/tex/latex/oberdiek/rerunfilecheck.sty
Package: rerunfilecheck 2016/05/16 v1.8 Rerun checks for auxiliary files (HO)
Package uniquecounter Info: New unique counter `rerunfilecheck' on input line 2
82.
))
\c@Hy@tempcnt=\count116

(/usr/local/texlive/2018/texmf-dist/tex/latex/url/url.sty
\Urlmuskip=\muskip11
Package: url 2013/09/16  ver 3.4  Verb mode for urls, etc.
)
LaTeX Info: Redefining \url on input line 5115.
\XeTeXLinkMargin=\dimen120
\Fld@menulength=\count117
\Field@Width=\dimen121
\Fld@charsize=\dimen122
Package hyperref Info: Hyper figures OFF on input line 6369.
Package hyperref Info: Link nesting OFF on input line 6374.
Package hyperref Info: Hyper index ON on input line 6377.
Package hyperref Info: backreferencing ON on input line 6382.
Package hyperref Info: Link coloring ON on input line 6387.
Package hyperref Info: Link coloring with OCG OFF on input line 6394.
Package hyperref Info: PDF/A mode OFF on input line 6399.
LaTeX Info: Redefining \ref on input line 6439.
LaTeX Info: Redefining \pageref on input line 6443.
\Hy@abspage=\count118
\c@Item=\count119
\c@Hfootnote=\count120
)
Package hyperref Info: Driver (autodetected): hxetex.

(/usr/local/texlive/2018/texmf-dist/tex/latex/hyperref/hxetex.def
File: hxetex.def 2018/02/06 v6.86b Hyperref driver for XeTeX

(/usr/local/texlive/2018/texmf-dist/tex/latex/hyperref/puenc.def
File: puenc.def 2018/02/06 v6.86b Hyperref: PDF Unicode definition (HO)
)
(/usr/local/texlive/2018/texmf-dist/tex/generic/oberdiek/stringenc.sty
Package: stringenc 2016/05/16 v1.11 Convert strings between diff. encodings (HO
)
)
\pdfm@box=\box31
\c@Hy@AnnotLevel=\count121
\HyField@AnnotCount=\count122
\Fld@listcount=\count123
\c@bookmark@seq@number=\count124
\Hy@SectionHShift=\skip57
)
(/usr/local/texlive/2018/texmf-dist/tex/latex/graphics/graphicx.sty
Package: graphicx 2017/06/01 v1.1a Enhanced LaTeX Graphics (DPC,SPQR)

(/usr/local/texlive/2018/texmf-dist/tex/latex/graphics/graphics.sty
Package: graphics 2017/06/25 v1.2c Standard LaTeX Graphics (DPC,SPQR)

(/usr/local/texlive/2018/texmf-dist/tex/latex/graphics/trig.sty
Package: trig 2016/01/03 v1.10 sin cos tan (DPC)
)
(/usr/local/texlive/2018/texmf-dist/tex/latex/graphics-cfg/graphics.cfg
File: graphics.cfg 2016/06/04 v1.11 sample graphics configuration
)
Package graphics Info: Driver file: xetex.def on input line 99.

(/usr/local/texlive/2018/texmf-dist/tex/latex/graphics-def/xetex.def
File: xetex.def 2017/06/24 v5.0h Graphics/color driver for xetex
))
\Gin@req@height=\dimen123
\Gin@req@width=\dimen124
)
(./template.aux)
\openout1 = `template.aux'.

LaTeX Font Info:    Checking defaults for OML/cmm/m/it on input line 23.
LaTeX Font Info:    ... okay on input line 23.
LaTeX Font Info:    Checking defaults for T1/cmr/m/n on input line 23.
LaTeX Font Info:    ... okay on input line 23.
LaTeX Font Info:    Checking defaults for OT1/cmr/m/n on input line 23.
LaTeX Font Info:    ... okay on input line 23.
LaTeX Font Info:    Checking defaults for OMS/cmsy/m/n on input line 23.
LaTeX Font Info:    ... okay on input line 23.
LaTeX Font Info:    Checking defaults for TU/lmr/m/n on input line 23.
LaTeX Font Info:    ... okay on input line 23.
LaTeX Font Info:    Checking defaults for OMX/cmex/m/n on input line 23.
LaTeX Font Info:    ... okay on input line 23.
LaTeX Font Info:    Checking defaults for U/cmr/m/n on input line 23.
LaTeX Font Info:    ... okay on input line 23.
LaTeX Font Info:    Checking defaults for TS1/cmr/m/n on input line 23.
LaTeX Font Info:    ... okay on input line 23.
LaTeX Font Info:    Checking defaults for PD1/pdf/m/n on input line 23.
LaTeX Font Info:    ... okay on input line 23.
LaTeX Font Info:    Checking defaults for PU/pdf/m/n on input line 23.
LaTeX Font Info:    ... okay on input line 23.

(/usr/local/texlive/2018/texmf-dist/tex/latex/base/fixltx2e.sty
Package: fixltx2e 2016/12/29 v2.1a fixes to LaTeX (obsolete)
Applying: [2015/01/01] Old fixltx2e package on input line 46.


Package fixltx2e Warning: fixltx2e is not required with releases after 2015
(fixltx2e)                All fixes are now in the LaTeX kernel.
(fixltx2e)                See the latexrelease package for details.

Already applied: [0000/00/00] Old fixltx2e package on input line 53.
) (/usr/local/texlive/2018/texmf-dist/tex/generic/oberdiek/se-ascii-print.def
File: se-ascii-print.def 2016/05/16 v1.11 stringenc: Printable ASCII characters

)
\AtBeginShipoutBox=\box32
Package backref Info: ** backref set up for natbib ** on input line 23.

(/usr/local/texlive/2018/texmf-dist/tex/latex/graphics/color.sty
Package: color 2016/07/10 v1.1e Standard LaTeX Color (DPC)

(/usr/local/texlive/2018/texmf-dist/tex/latex/graphics-cfg/color.cfg
File: color.cfg 2016/01/02 v1.6 sample color configuration
)
Package color Info: Driver file: xetex.def on input line 147.
)
Package hyperref Info: Link coloring ON on input line 23.

(/usr/local/texlive/2018/texmf-dist/tex/latex/hyperref/nameref.sty
Package: nameref 2016/05/21 v2.44 Cross-referencing by name of section

(/usr/local/texlive/2018/texmf-dist/tex/generic/oberdiek/gettitlestring.sty
Package: gettitlestring 2016/05/16 v1.5 Cleanup title references (HO)
)
\c@section@level=\count125
)
LaTeX Info: Redefining \ref on input line 23.
LaTeX Info: Redefining \pageref on input line 23.
LaTeX Info: Redefining \nameref on input line 23.

(./template.out) (./template.out)
\@outlinefile=\write3
\openout3 = `template.out'.

LaTeX Font Info:    Try loading font information for U+msa on input line 67.

(/usr/local/texlive/2018/texmf-dist/tex/latex/amsfonts/umsa.fd
File: umsa.fd 2013/01/14 v3.01 AMS symbols A
)
LaTeX Font Info:    Try loading font information for U+msb on input line 67.

(/usr/local/texlive/2018/texmf-dist/tex/latex/amsfonts/umsb.fd
File: umsb.fd 2013/01/14 v3.01 AMS symbols B
)
Overfull \vbox (3.09763pt too high) has occurred while \output is active []


[1

]
Overfull \hbox (1.45001pt too wide) in paragraph at lines 110--111
[]\TU/lmr/m/n/10 Recently, [][][]Stringer et al.[][] ([][]2020[][]) developed a
n approximate Bayesian inference method-
 []


Underfull \vbox (badness 10000) has occurred while \output is active []

 [2]
Overfull \hbox (3.31042pt too wide) in paragraph at lines 136--137
[]\TU/lmr/m/n/10 These models usually contain an intercept $\OML/cmm/m/it/10 ^^
L[]$ \TU/lmr/m/n/10 and a \TU/lmr/m/it/10 sum-to-zero \TU/lmr/m/n/10 constraint
 $[][] \OT1/cmr/m/n/10 ^^@[] =
 []

[3]
Overfull \hbox (6.53365pt too wide) in paragraph at lines 143--144
[]\TU/lmr/m/n/10 Finally, define the variance parameter vector $\OML/cmm/m/it/1
0 ^^R \OT1/cmr/m/n/10 = (\OML/cmm/m/it/10 ^^R[]; [] ; ^^R[]\OT1/cmr/m/n/10 )$ \
TU/lmr/m/n/10 where $\OML/cmm/m/it/10 ^^R[] \OT1/cmr/m/n/10 = \OMS/cmsy/m/n/10 
^^@\OT1/cmr/m/n/10 2 [] \OML/cmm/m/it/10 ^^[[]; q \OT1/cmr/m/n/10 =
 []

[4] [5] [6] [7] [8]

LaTeX Warning: Reference `fig:BetweenSubjectSD' on page 9 undefined on input li
ne 275.

[9]
Overfull \hbox (1.52158pt too wide) detected at line 309
\OT1/cmr/m/n/10 ^^@\OMS/cmsy/m/n/10 j\OML/cmm/m/it/10 ^^R \OMS/cmsy/m/n/10 ^^X 
[] [] \OT1/cmr/m/n/10 ;  \OML/cmm/m/it/10 ^^X\OMS/cmsy/m/n/10 j\OML/cmm/m/it/10
 ^^R \OMS/cmsy/m/n/10 ^^X [] [] \OT1/cmr/m/n/10 ;  \OML/cmm/m/it/10 ^^L \OMS/cm
sy/m/n/10 ^^X [] [] \OT1/cmr/m/n/10 ;  \OML/cmm/m/it/10 ^^O \OMS/cmsy/m/n/10 ^^
X [] []
 []


Overfull \hbox (9.68701pt too wide) detected at line 323
\OT1/cmr/m/n/10 ^^F = []
 []

(./template.bbl (./template.brf)
\tf@brf=\write4
\openout4 = `template.brf'.

 [10])
Overfull \hbox (1.83174pt too wide) in paragraph at lines 343--343
[]\TU/lmr/m/n/10 Variables/Reference| 
 []


Underfull \hbox (badness 10000) in paragraph at lines 347--347
[]\TU/lmr/m/n/10 Disease
 []

File: cons_base.pdf Graphic file (type pdf)
<use cons_base.pdf>

Overfull \hbox (19.4693pt too wide) in paragraph at lines 369--369
 [][] 
 []

File: regular_base.pdf Graphic file (type pdf)
<use regular_base.pdf>

Overfull \hbox (19.4693pt too wide) in paragraph at lines 376--376
 [][] 
 []

File: com_base.pdf Graphic file (type pdf)
<use com_base.pdf>

Overfull \hbox (19.4693pt too wide) in paragraph at lines 383--383
 [][] 
 []


Overfull \hbox (9.53209pt too wide) in paragraph at lines 369--384
 [][][][][][] 
 []

File: cons_smooth.pdf Graphic file (type pdf)
<use cons_smooth.pdf>

Overfull \hbox (19.4693pt too wide) in paragraph at lines 391--391
 [][] 
 []

File: regular_smooth.pdf Graphic file (type pdf)
<use regular_smooth.pdf>

Overfull \hbox (19.4693pt too wide) in paragraph at lines 398--398
 [][] 
 []

File: com_smooth.pdf Graphic file (type pdf)
<use com_smooth.pdf>

Overfull \hbox (19.4693pt too wide) in paragraph at lines 405--405
 [][] 
 []


Overfull \hbox (16.1921pt too wide) in paragraph at lines 391--406
 [][][][][][] 
 []

File: cons_smooth_hyper.pdf Graphic file (type pdf)
<use cons_smooth_hyper.pdf>

Overfull \hbox (19.4693pt too wide) in paragraph at lines 413--413
 [][] 
 []

File: regular_smooth_hyper.pdf Graphic file (type pdf)
<use regular_smooth_hyper.pdf>

Overfull \hbox (19.4693pt too wide) in paragraph at lines 420--420
 [][] 
 []

File: com_smooth_hyper.pdf Graphic file (type pdf)
<use com_smooth_hyper.pdf>

Overfull \hbox (19.4693pt too wide) in paragraph at lines 427--427
 [][] 
 []


Overfull \hbox (16.1921pt too wide) in paragraph at lines 413--428
 [][][][][][] 
 []

File: cons_base.pdf Graphic file (type pdf)
<use cons_base.pdf>

Overfull \hbox (19.4693pt too wide) in paragraph at lines 445--445
 [][] 
 []

File: regular_base.pdf Graphic file (type pdf)
<use regular_base.pdf>

Overfull \hbox (19.4693pt too wide) in paragraph at lines 452--452
 [][] 
 []

File: com_base.pdf Graphic file (type pdf)
<use com_base.pdf>

Overfull \hbox (19.4693pt too wide) in paragraph at lines 459--459
 [][] 
 []


Overfull \hbox (9.53209pt too wide) in paragraph at lines 445--460
 [][][][][][] 
 []

File: cons_base_com_truth.pdf Graphic file (type pdf)
<use cons_base_com_truth.pdf>

Overfull \hbox (19.4693pt too wide) in paragraph at lines 467--467
 [][] 
 []

File: regular_base_com_truth.pdf Graphic file (type pdf)
<use regular_base_com_truth.pdf>

Overfull \hbox (19.4693pt too wide) in paragraph at lines 474--474
 [][] 
 []

File: com_base_com_truth.pdf Graphic file (type pdf)
<use com_base_com_truth.pdf>

Overfull \hbox (19.4693pt too wide) in paragraph at lines 481--481
 [][] 
 []


Overfull \hbox (16.1921pt too wide) in paragraph at lines 467--482
 [][][][][][] 
 []

File: cons_base_com_truth_hyper.pdf Graphic file (type pdf)
<use cons_base_com_truth_hyper.pdf>

Overfull \hbox (19.4693pt too wide) in paragraph at lines 489--489
 [][] 
 []

File: regular_base_com_truth_hyper.pdf Graphic file (type pdf)
<use regular_base_com_truth_hyper.pdf>

Overfull \hbox (19.4693pt too wide) in paragraph at lines 496--496
 [][] 
 []

File: com_base_com_truth_hyper.pdf Graphic file (type pdf)
<use com_base_com_truth_hyper.pdf>

Overfull \hbox (19.4693pt too wide) in paragraph at lines 503--503
 [][] 
 []


Overfull \hbox (16.1921pt too wide) in paragraph at lines 489--504
 [][][][][][] 
 []

File: leuk_smooth.pdf Graphic file (type pdf)
<use leuk_smooth.pdf>
File: leuk_hyper.pdf Graphic file (type pdf)
<use leuk_hyper.pdf>
File: kidney_hyper.pdf Graphic file (type pdf)
<use kidney_hyper.pdf>
Package atveryend Info: Empty hook `BeforeClearDocument' on input line 534.
[11] [12] [13] [14] [15]
Package atveryend Info: Empty hook `AfterLastShipout' on input line 534.
 (./template.aux)
Package atveryend Info: Empty hook `AtVeryEndDocument' on input line 534.
Package atveryend Info: Executing hook `AtEndAfterFileList' on input line 534.
Package rerunfilecheck Info: File `template.out' has not changed.
(rerunfilecheck)             Checksum: ADF668127240A23743F1D909C4C38965.
Package rerunfilecheck Info: File `template.brf' has not changed.
(rerunfilecheck)             Checksum: D226982E57C527E25998B36973162155.


LaTeX Warning: There were undefined references.


LaTeX Warning: Label(s) may have changed. Rerun to get cross-references right.

 ) 
Here is how much of TeX's memory you used:
 10947 strings out of 492970
 155007 string characters out of 6133938
 252212 words of memory out of 5000000
 14809 multiletter control sequences out of 15000+600000
 10536 words of font info for 65 fonts, out of 8000000 for 9000
 1348 hyphenation exceptions out of 8191
 32i,15n,46p,1458b,348s stack positions out of 5000i,500n,10000p,200000b,80000s

Output written on template.pdf (15 pages).
