This is pdfTeX, Version 3.14159265-2.6-1.40.21 (TeX Live 2020) (preloaded format=pdflatex 2020.4.7)  12 NOV 2020 14:06
entering extended mode
 restricted \write18 enabled.
 %&-line parsing enabled.
**v2.tex
(./v2.tex
LaTeX2e <2020-02-02> patch level 5
L3 programming layer <2020-03-06> (./imsart.cls
Document Class: imsart 2020/08/23 driver class for package imsart.sty
(/usr/local/texlive/2020/texmf-dist/tex/latex/base/article.cls
Document Class: article 2019/12/20 v1.4l Standard LaTeX document class
(/usr/local/texlive/2020/texmf-dist/tex/latex/base/size10.clo
File: size10.clo 2019/12/20 v1.4l Standard LaTeX file (size option)
)
\c@part=\count167
\c@section=\count168
\c@subsection=\count169
\c@subsubsection=\count170
\c@paragraph=\count171
\c@subparagraph=\count172
\c@figure=\count173
\c@table=\count174
\abovecaptionskip=\skip47
\belowcaptionskip=\skip48
\bibindent=\dimen134
) (./imsart.sty
File: imsart.sty 2020/11/02 IMS article style

(/usr/local/texlive/2020/texmf-dist/tex/latex/etoolbox/etoolbox.sty
Package: etoolbox 2019/09/21 v2.5h e-TeX tools for LaTeX (JAW)
\etb@tempcnta=\count175
)
No file imsart.cnf.
\c@firstpage=\count176
\c@lastpage=\count177
\c@thanks=\count178
\c@addressref=\count179
(/usr/local/texlive/2020/texmf-dist/tex/latex/graphics/keyval.sty
Package: keyval 2014/10/28 v1.15 key=value parser (DPC)
\KV@toks@=\toks15
)
\c@emailref=\count180
\c@author=\count181
\c@address=\count182
\sv@mathsurround=\dimen135
\sv@parindent=\dimen136
\fm@box=\box45
\fm@size=\dimen137
\t@xtheight=\dimen138
\abstract@box=\box46
\keyword@box=\box47
\pre@kwd@depth=\dimen139

(/usr/local/texlive/2020/texmf-dist/tex/latex/base/fix-cm.sty
Package: fix-cm 2015/01/14 v1.1t fixes to LaTeX

(/usr/local/texlive/2020/texmf-dist/tex/latex/base/ts1enc.def
File: ts1enc.def 2001/06/05 v3.0e (jk/car/fm) Standard LaTeX file
LaTeX Font Info:    Redeclaring font encoding TS1 on input line 47.
))
\authors@list=\toks16
\keywords@list=\toks17

No file imsart-ba.cnf.
No file imsart-vtex.cnf.
)) (/usr/local/texlive/2020/texmf-dist/tex/latex/subfigure/subfigure.sty
Package: subfigure 2002/03/15 v2.1.5 subfigure package
\subfigtopskip=\skip49
\subfigcapskip=\skip50
\subfigcaptopadj=\dimen140
\subfigbottomskip=\skip51
\subfigcapmargin=\dimen141
\subfiglabelskip=\skip52
\c@subfigure=\count183
\c@lofdepth=\count184
\c@subtable=\count185
\c@lotdepth=\count186

****************************************
* Local config file subfigure.cfg used *
****************************************
(/usr/local/texlive/2020/texmf-dist/tex/latex/subfigure/subfigure.cfg)
\subfig@top=\skip53
\subfig@bottom=\skip54
)
(/usr/local/texlive/2020/texmf-dist/tex/latex/amscls/amsthm.sty
Package: amsthm 2017/10/31 v2.20.4
\thm@style=\toks18
\thm@bodyfont=\toks19
\thm@headfont=\toks20
\thm@notefont=\toks21
\thm@headpunct=\toks22
\thm@preskip=\skip55
\thm@postskip=\skip56
\thm@headsep=\skip57
\dth@everypar=\toks23
)
(/usr/local/texlive/2020/texmf-dist/tex/latex/amsmath/amsmath.sty
Package: amsmath 2020/01/20 v2.17e AMS math features
\@mathmargin=\skip58

For additional information on amsmath, use the `?' option.
(/usr/local/texlive/2020/texmf-dist/tex/latex/amsmath/amstext.sty
Package: amstext 2000/06/29 v2.01 AMS text

(/usr/local/texlive/2020/texmf-dist/tex/latex/amsmath/amsgen.sty
File: amsgen.sty 1999/11/30 v2.0 generic functions
\@emptytoks=\toks24
\ex@=\dimen142
))
(/usr/local/texlive/2020/texmf-dist/tex/latex/amsmath/amsbsy.sty
Package: amsbsy 1999/11/29 v1.2d Bold Symbols
\pmbraise@=\dimen143
)
(/usr/local/texlive/2020/texmf-dist/tex/latex/amsmath/amsopn.sty
Package: amsopn 2016/03/08 v2.02 operator names
)
\inf@bad=\count187
LaTeX Info: Redefining \frac on input line 227.
\uproot@=\count188
\leftroot@=\count189
LaTeX Info: Redefining \overline on input line 389.
\classnum@=\count190
\DOTSCASE@=\count191
LaTeX Info: Redefining \ldots on input line 486.
LaTeX Info: Redefining \dots on input line 489.
LaTeX Info: Redefining \cdots on input line 610.
\Mathstrutbox@=\box48
\strutbox@=\box49
\big@size=\dimen144
LaTeX Font Info:    Redeclaring font encoding OML on input line 733.
LaTeX Font Info:    Redeclaring font encoding OMS on input line 734.
\macc@depth=\count192
\c@MaxMatrixCols=\count193
\dotsspace@=\muskip16
\c@parentequation=\count194
\dspbrk@lvl=\count195
\tag@help=\toks25
\row@=\count196
\column@=\count197
\maxfields@=\count198
\andhelp@=\toks26
\eqnshift@=\dimen145
\alignsep@=\dimen146
\tagshift@=\dimen147
\tagwidth@=\dimen148
\totwidth@=\dimen149
\lineht@=\dimen150
\@envbody=\toks27
\multlinegap=\skip59
\multlinetaggap=\skip60
\mathdisplay@stack=\toks28
LaTeX Info: Redefining \[ on input line 2859.
LaTeX Info: Redefining \] on input line 2860.
)
(/usr/local/texlive/2020/texmf-dist/tex/latex/amsfonts/amsfonts.sty
Package: amsfonts 2013/01/14 v3.01 Basic AMSFonts support
\symAMSa=\mathgroup4
\symAMSb=\mathgroup5
LaTeX Font Info:    Redeclaring math symbol \hbar on input line 98.
LaTeX Font Info:    Overwriting math alphabet `\mathfrak' in version `bold'
(Font)                  U/euf/m/n --> U/euf/b/n on input line 106.
)
(/usr/local/texlive/2020/texmf-dist/tex/latex/natbib/natbib.sty
Package: natbib 2010/09/13 8.31b (PWD, AO)
\bibhang=\skip61
\bibsep=\skip62
LaTeX Info: Redefining \cite on input line 694.
\c@NAT@ctr=\count199
)
(/usr/local/texlive/2020/texmf-dist/tex/latex/hyperref/hyperref.sty
Package: hyperref 2020/01/14 v7.00d Hypertext links for LaTeX

(/usr/local/texlive/2020/texmf-dist/tex/generic/ltxcmds/ltxcmds.sty
Package: ltxcmds 2019/12/15 v1.24 LaTeX kernel commands for general use (HO)
)
(/usr/local/texlive/2020/texmf-dist/tex/generic/iftex/iftex.sty
Package: iftex 2020/03/06 v1.0d TeX engine tests
)
(/usr/local/texlive/2020/texmf-dist/tex/latex/pdftexcmds/pdftexcmds.sty
Package: pdftexcmds 2019/11/24 v0.31 Utility functions of pdfTeX for LuaTeX (HO
)

(/usr/local/texlive/2020/texmf-dist/tex/generic/infwarerr/infwarerr.sty
Package: infwarerr 2019/12/03 v1.5 Providing info/warning/error messages (HO)
)
Package pdftexcmds Info: \pdf@primitive is available.
Package pdftexcmds Info: \pdf@ifprimitive is available.
Package pdftexcmds Info: \pdfdraftmode found.
)
(/usr/local/texlive/2020/texmf-dist/tex/generic/kvsetkeys/kvsetkeys.sty
Package: kvsetkeys 2019/12/15 v1.18 Key value parser (HO)
)
(/usr/local/texlive/2020/texmf-dist/tex/generic/kvdefinekeys/kvdefinekeys.sty
Package: kvdefinekeys 2019-12-19 v1.6 Define keys (HO)
)
(/usr/local/texlive/2020/texmf-dist/tex/generic/pdfescape/pdfescape.sty
Package: pdfescape 2019/12/09 v1.15 Implements pdfTeX's escape features (HO)
)
(/usr/local/texlive/2020/texmf-dist/tex/latex/hycolor/hycolor.sty
Package: hycolor 2020-01-27 v1.10 Color options for hyperref/bookmark (HO)
)
(/usr/local/texlive/2020/texmf-dist/tex/latex/letltxmacro/letltxmacro.sty
Package: letltxmacro 2019/12/03 v1.6 Let assignment for LaTeX macros (HO)
)
(/usr/local/texlive/2020/texmf-dist/tex/latex/auxhook/auxhook.sty
Package: auxhook 2019-12-17 v1.6 Hooks for auxiliary files (HO)
)
(/usr/local/texlive/2020/texmf-dist/tex/latex/kvoptions/kvoptions.sty
Package: kvoptions 2019/11/29 v3.13 Key value format for package options (HO)
)
\@linkdim=\dimen151
\Hy@linkcounter=\count266
\Hy@pagecounter=\count267

(/usr/local/texlive/2020/texmf-dist/tex/latex/hyperref/pd1enc.def
File: pd1enc.def 2020/01/14 v7.00d Hyperref: PDFDocEncoding definition (HO)
Now handling font encoding PD1 ...
... no UTF-8 mapping file for font encoding PD1
)
(/usr/local/texlive/2020/texmf-dist/tex/generic/intcalc/intcalc.sty
Package: intcalc 2019/12/15 v1.3 Expandable calculations with integers (HO)
)
(/usr/local/texlive/2020/texmf-dist/tex/generic/etexcmds/etexcmds.sty
Package: etexcmds 2019/12/15 v1.7 Avoid name clashes with e-TeX commands (HO)
)
\Hy@SavedSpaceFactor=\count268
Package hyperref Info: Option `colorlinks' set `true' on input line 4421.
Package hyperref Info: Option `linktocpage' set `true' on input line 4421.
Package hyperref Info: Option `colorlinks' set `true' on input line 4421.
Package hyperref Info: Hyper figures OFF on input line 4547.
Package hyperref Info: Link nesting OFF on input line 4552.
Package hyperref Info: Hyper index ON on input line 4555.
Package hyperref Info: Plain pages OFF on input line 4562.
Package hyperref Info: Backreferencing ON on input line 4565.
Package hyperref Info: Implicit mode ON; LaTeX internals redefined.
Package hyperref Info: Bookmarks ON on input line 4800.

(/usr/local/texlive/2020/texmf-dist/tex/latex/hyperref/backref.sty
Package: backref 2020/01/14 v1.40 Bibliographical back referencing

(/usr/local/texlive/2020/texmf-dist/tex/latex/rerunfilecheck/rerunfilecheck.sty
Package: rerunfilecheck 2019/12/05 v1.9 Rerun checks for auxiliary files (HO)
(/usr/local/texlive/2020/texmf-dist/tex/latex/atveryend/atveryend.sty
Package: atveryend 2019-12-11 v1.11 Hooks at the very end of document (HO)
)
(/usr/local/texlive/2020/texmf-dist/tex/generic/uniquecounter/uniquecounter.sty
Package: uniquecounter 2019/12/15 v1.4 Provide unlimited unique counter (HO)
(/usr/local/texlive/2020/texmf-dist/tex/generic/bigintcalc/bigintcalc.sty
Package: bigintcalc 2019/12/15 v1.5 Expandable calculations on big integers (HO
)
))
Package uniquecounter Info: New unique counter `rerunfilecheck' on input line 2
86.
))
\c@Hy@tempcnt=\count269

(/usr/local/texlive/2020/texmf-dist/tex/latex/url/url.sty
\Urlmuskip=\muskip17
Package: url 2013/09/16  ver 3.4  Verb mode for urls, etc.
)
LaTeX Info: Redefining \url on input line 5159.
\XeTeXLinkMargin=\dimen152

(/usr/local/texlive/2020/texmf-dist/tex/generic/bitset/bitset.sty
Package: bitset 2019/12/09 v1.3 Handle bit-vector datatype (HO)
)
\Fld@menulength=\count270
\Field@Width=\dimen153
\Fld@charsize=\dimen154
Package hyperref Info: Hyper figures OFF on input line 6430.
Package hyperref Info: Link nesting OFF on input line 6435.
Package hyperref Info: Hyper index ON on input line 6438.
Package hyperref Info: backreferencing ON on input line 6443.
Package hyperref Info: Link coloring ON on input line 6448.
Package hyperref Info: Link coloring with OCG OFF on input line 6455.
Package hyperref Info: PDF/A mode OFF on input line 6460.
LaTeX Info: Redefining \ref on input line 6500.
LaTeX Info: Redefining \pageref on input line 6504.

(/usr/local/texlive/2020/texmf-dist/tex/generic/atbegshi/atbegshi.sty
Package: atbegshi 2019/12/05 v1.19 At begin shipout hook (HO)
)
\Hy@abspage=\count271
\c@Item=\count272
\c@Hfootnote=\count273
)
Package hyperref Info: Driver (autodetected): hpdftex.

(/usr/local/texlive/2020/texmf-dist/tex/latex/hyperref/hpdftex.def
File: hpdftex.def 2020/01/14 v7.00d Hyperref driver for pdfTeX
\Fld@listcount=\count274
\c@bookmark@seq@number=\count275
\Hy@SectionHShift=\skip63
)
(/usr/local/texlive/2020/texmf-dist/tex/latex/graphics/graphicx.sty
Package: graphicx 2019/11/30 v1.2a Enhanced LaTeX Graphics (DPC,SPQR)

(/usr/local/texlive/2020/texmf-dist/tex/latex/graphics/graphics.sty
Package: graphics 2019/11/30 v1.4a Standard LaTeX Graphics (DPC,SPQR)

(/usr/local/texlive/2020/texmf-dist/tex/latex/graphics/trig.sty
Package: trig 2016/01/03 v1.10 sin cos tan (DPC)
)
(/usr/local/texlive/2020/texmf-dist/tex/latex/graphics-cfg/graphics.cfg
File: graphics.cfg 2016/06/04 v1.11 sample graphics configuration
)
Package graphics Info: Driver file: pdftex.def on input line 105.

(/usr/local/texlive/2020/texmf-dist/tex/latex/graphics-def/pdftex.def
File: pdftex.def 2018/01/08 v1.0l Graphics/color driver for pdftex
))
\Gin@req@height=\dimen155
\Gin@req@width=\dimen156
)
(/usr/local/texlive/2020/texmf-dist/tex/latex/l3backend/l3backend-pdfmode.def
File: l3backend-pdfmode.def 2020-03-12 L3 backend support: PDF mode
\l__kernel_color_stack_int=\count276
\l__pdf_internal_box=\box50
)
(./v2.aux)
\openout1 = `v2.aux'.

LaTeX Font Info:    Checking defaults for OML/cmm/m/it on input line 23.
LaTeX Font Info:    ... okay on input line 23.
LaTeX Font Info:    Checking defaults for OMS/cmsy/m/n on input line 23.
LaTeX Font Info:    ... okay on input line 23.
LaTeX Font Info:    Checking defaults for OT1/cmr/m/n on input line 23.
LaTeX Font Info:    ... okay on input line 23.
LaTeX Font Info:    Checking defaults for T1/cmr/m/n on input line 23.
LaTeX Font Info:    ... okay on input line 23.
LaTeX Font Info:    Checking defaults for TS1/cmr/m/n on input line 23.
LaTeX Font Info:    ... okay on input line 23.
LaTeX Font Info:    Checking defaults for OMX/cmex/m/n on input line 23.
LaTeX Font Info:    ... okay on input line 23.
LaTeX Font Info:    Checking defaults for U/cmr/m/n on input line 23.
LaTeX Font Info:    ... okay on input line 23.
LaTeX Font Info:    Checking defaults for PD1/pdf/m/n on input line 23.
LaTeX Font Info:    ... okay on input line 23.
 (/usr/local/texlive/2020/texmf-dist/tex/latex/base/fixltx2e.sty
Package: fixltx2e 2016/12/29 v2.1a fixes to LaTeX (obsolete)
Applying: [2015/01/01] Old fixltx2e package on input line 46.


Package fixltx2e Warning: fixltx2e is not required with releases after 2015
(fixltx2e)                All fixes are now in the LaTeX kernel.
(fixltx2e)                See the latexrelease package for details.

Already applied: [0000/00/00] Old fixltx2e package on input line 53.
)
Package backref Info: ** backref set up for natbib ** on input line 23.
\AtBeginShipoutBox=\box51
 (/usr/local/texlive/2020/texmf-dist/tex/latex/graphics/color.sty
Package: color 2019/11/23 v1.2a Standard LaTeX Color (DPC)

(/usr/local/texlive/2020/texmf-dist/tex/latex/graphics-cfg/color.cfg
File: color.cfg 2016/01/02 v1.6 sample color configuration
)
Package color Info: Driver file: pdftex.def on input line 147.
)
Package hyperref Info: Link coloring ON on input line 23.

(/usr/local/texlive/2020/texmf-dist/tex/latex/hyperref/nameref.sty
Package: nameref 2019/09/16 v2.46 Cross-referencing by name of section

(/usr/local/texlive/2020/texmf-dist/tex/latex/refcount/refcount.sty
Package: refcount 2019/12/15 v3.6 Data extraction from label references (HO)
)
(/usr/local/texlive/2020/texmf-dist/tex/generic/gettitlestring/gettitlestring.s
ty
Package: gettitlestring 2019/12/15 v1.6 Cleanup title references (HO)
)
\c@section@level=\count277
)
LaTeX Info: Redefining \ref on input line 23.
LaTeX Info: Redefining \pageref on input line 23.
LaTeX Info: Redefining \nameref on input line 23.
 (./v2.out) (./v2.out)
\@outlinefile=\write3
\openout3 = `v2.out'.


(/usr/local/texlive/2020/texmf-dist/tex/context/base/mkii/supp-pdf.mkii
[Loading MPS to PDF converter (version 2006.09.02).]
\scratchcounter=\count278
\scratchdimen=\dimen157
\scratchbox=\box52
\nofMPsegments=\count279
\nofMParguments=\count280
\everyMPshowfont=\toks29
\MPscratchCnt=\count281
\MPscratchDim=\dimen158
\MPnumerator=\count282
\makeMPintoPDFobject=\count283
\everyMPtoPDFconversion=\toks30
) (/usr/local/texlive/2020/texmf-dist/tex/latex/epstopdf-pkg/epstopdf-base.sty
Package: epstopdf-base 2020-01-24 v2.11 Base part for package epstopdf
Package epstopdf-base Info: Redefining graphics rule for `.eps' on input line 4
85.

(/usr/local/texlive/2020/texmf-dist/tex/latex/latexconfig/epstopdf-sys.cfg
File: epstopdf-sys.cfg 2010/07/13 v1.3 Configuration of (r)epstopdf for TeX Liv
e
))
LaTeX Font Info:    Trying to load font information for U+msa on input line 67.


(/usr/local/texlive/2020/texmf-dist/tex/latex/amsfonts/umsa.fd
File: umsa.fd 2013/01/14 v3.01 AMS symbols A
)
LaTeX Font Info:    Trying to load font information for U+msb on input line 67.


(/usr/local/texlive/2020/texmf-dist/tex/latex/amsfonts/umsb.fd
File: umsb.fd 2013/01/14 v3.01 AMS symbols B
)
Overfull \hbox (1.44511pt too wide) in paragraph at lines 110--111
[]\OT1/cmr/m/n/10 Recently, [][][]Stringer et al.[][] ([][]2020[][]) de-vel-ope
d an ap-prox-i-mate Bayesian in-fer-ence method-
 []

[1{/usr/local/texlive/2020/texmf-var/fonts/map/pdftex/updmap/pdftex.map}

]
Overfull \hbox (1.72289pt too wide) in paragraph at lines 112--113
[]\OT1/cmr/m/n/10 In this pa-per we ex-tend the ap-prox-i-mate Bayesian in-fer-
ence method-olo-gies of [][][]Stringer
 []

[2]
Overfull \hbox (3.93169pt too wide) in paragraph at lines 134--135
[]\OT1/cmr/m/n/10 These mod-els usu-ally con-tain an in-ter-cept $\OML/cmm/m/it
/10 ^^L[]$ \OT1/cmr/m/n/10 and a \OT1/cmr/m/it/10 sum-to-zero \OT1/cmr/m/n/10 c
on-straint $[][] ^^@[] =
 []


Overfull \hbox (6.53398pt too wide) in paragraph at lines 141--142
[]\OT1/cmr/m/n/10 Finally, de-fine the vari-ance pa-ram-e-ter vec-tor $\OML/cmm
/m/it/10 ^^R \OT1/cmr/m/n/10 = (\OML/cmm/m/it/10 ^^R[]; [] ; ^^R[]\OT1/cmr/m/n/
10 )$ where $\OML/cmm/m/it/10 ^^R[] \OT1/cmr/m/n/10 = \OMS/cmsy/m/n/10 ^^@\OT1/
cmr/m/n/10 2 [] \OML/cmm/m/it/10 ^^[[]; q \OT1/cmr/m/n/10 =
 []

[3] [4] [5] [6] [7] [8]
Underfull \vbox (badness 5667) has occurred while \output is active []

 [9]
Overfull \hbox (1.51967pt too wide) detected at line 312
\OT1/cmr/m/n/10 ^^@\OMS/cmsy/m/n/10 j\OML/cmm/m/it/10 ^^R \OMS/cmsy/m/n/10 ^^X 
[] [] \OT1/cmr/m/n/10 ;  \OML/cmm/m/it/10 ^^X\OMS/cmsy/m/n/10 j\OML/cmm/m/it/10
 ^^R \OMS/cmsy/m/n/10 ^^X [] [] \OT1/cmr/m/n/10 ;  \OML/cmm/m/it/10 ^^L \OMS/cm
sy/m/n/10 ^^X [] [] \OT1/cmr/m/n/10 ;  \OML/cmm/m/it/10 ^^O \OMS/cmsy/m/n/10 ^^
X [] []
 []


Overfull \hbox (9.68701pt too wide) detected at line 326
\OT1/cmr/m/n/10 ^^F = []
 []

(./v2.bbl (./v2.brf)
\tf@brf=\write4
\openout4 = `v2.brf'.

 [10])
Overfull \hbox (1.8363pt too wide) in paragraph at lines 346--346
[]\OT1/cmr/m/n/10 Variables/Reference| 
 []


Underfull \hbox (badness 10000) in paragraph at lines 350--350
[]\OT1/cmr/m/n/10 Disease
 []

<cons_base.pdf, id=292, 508.90125pt x 426.59375pt>
File: cons_base.pdf Graphic file (type pdf)
<use cons_base.pdf>
Package pdftex.def Info: cons_base.pdf  used on input line 372.
(pdftex.def)             Requested size: 144.54pt x 121.16388pt.

Overfull \hbox (19.4693pt too wide) in paragraph at lines 372--372
 [][] 
 []

<regular_base.pdf, id=293, 508.90125pt x 426.59375pt>
File: regular_base.pdf Graphic file (type pdf)
<use regular_base.pdf>
Package pdftex.def Info: regular_base.pdf  used on input line 379.
(pdftex.def)             Requested size: 144.54pt x 121.16388pt.

Overfull \hbox (19.4693pt too wide) in paragraph at lines 379--379
 [][] 
 []

<com_base.pdf, id=294, 508.90125pt x 426.59375pt>
File: com_base.pdf Graphic file (type pdf)
<use com_base.pdf>
Package pdftex.def Info: com_base.pdf  used on input line 386.
(pdftex.def)             Requested size: 144.54pt x 121.16388pt.

Overfull \hbox (19.4693pt too wide) in paragraph at lines 386--386
 [][] 
 []


Overfull \hbox (9.5454pt too wide) in paragraph at lines 372--387
 [][][][][][] 
 []

<cons_smooth.pdf, id=295, 526.96875pt x 442.65375pt>
File: cons_smooth.pdf Graphic file (type pdf)
<use cons_smooth.pdf>
Package pdftex.def Info: cons_smooth.pdf  used on input line 394.
(pdftex.def)             Requested size: 144.54pt x 121.41608pt.

Overfull \hbox (19.4693pt too wide) in paragraph at lines 394--394
 [][] 
 []

<regular_smooth.pdf, id=296, 526.96875pt x 442.65375pt>
File: regular_smooth.pdf Graphic file (type pdf)
<use regular_smooth.pdf>
Package pdftex.def Info: regular_smooth.pdf  used on input line 401.
(pdftex.def)             Requested size: 144.54pt x 121.41608pt.

Overfull \hbox (19.4693pt too wide) in paragraph at lines 401--401
 [][] 
 []

<com_smooth.pdf, id=297, 526.96875pt x 442.65375pt>
File: com_smooth.pdf Graphic file (type pdf)
<use com_smooth.pdf>
Package pdftex.def Info: com_smooth.pdf  used on input line 408.
(pdftex.def)             Requested size: 144.54pt x 121.41608pt.

Overfull \hbox (19.4693pt too wide) in paragraph at lines 408--408
 [][] 
 []


Overfull \hbox (16.21205pt too wide) in paragraph at lines 394--409
 [][][][][][] 
 []

<cons_smooth_hyper.pdf, id=298, 526.96875pt x 442.65375pt>
File: cons_smooth_hyper.pdf Graphic file (type pdf)
<use cons_smooth_hyper.pdf>
Package pdftex.def Info: cons_smooth_hyper.pdf  used on input line 416.
(pdftex.def)             Requested size: 144.54pt x 121.41608pt.

Overfull \hbox (19.4693pt too wide) in paragraph at lines 416--416
 [][] 
 []

<regular_smooth_hyper.pdf, id=299, 526.96875pt x 442.65375pt>
File: regular_smooth_hyper.pdf Graphic file (type pdf)
<use regular_smooth_hyper.pdf>
Package pdftex.def Info: regular_smooth_hyper.pdf  used on input line 423.
(pdftex.def)             Requested size: 144.54pt x 121.41608pt.

Overfull \hbox (19.4693pt too wide) in paragraph at lines 423--423
 [][] 
 []

<com_smooth_hyper.pdf, id=300, 526.96875pt x 442.65375pt>
File: com_smooth_hyper.pdf Graphic file (type pdf)
<use com_smooth_hyper.pdf>
Package pdftex.def Info: com_smooth_hyper.pdf  used on input line 430.
(pdftex.def)             Requested size: 144.54pt x 121.41608pt.

Overfull \hbox (19.4693pt too wide) in paragraph at lines 430--430
 [][] 
 []


Overfull \hbox (16.21205pt too wide) in paragraph at lines 416--431
 [][][][][][] 
 []

File: cons_base.pdf Graphic file (type pdf)
<use cons_base.pdf>
Package pdftex.def Info: cons_base.pdf  used on input line 448.
(pdftex.def)             Requested size: 144.54pt x 121.16388pt.

Overfull \hbox (19.4693pt too wide) in paragraph at lines 448--448
 [][] 
 []

File: regular_base.pdf Graphic file (type pdf)
<use regular_base.pdf>
Package pdftex.def Info: regular_base.pdf  used on input line 455.
(pdftex.def)             Requested size: 144.54pt x 121.16388pt.

Overfull \hbox (19.4693pt too wide) in paragraph at lines 455--455
 [][] 
 []

File: com_base.pdf Graphic file (type pdf)
<use com_base.pdf>
Package pdftex.def Info: com_base.pdf  used on input line 462.
(pdftex.def)             Requested size: 144.54pt x 121.16388pt.

Overfull \hbox (19.4693pt too wide) in paragraph at lines 462--462
 [][] 
 []


Overfull \hbox (9.5454pt too wide) in paragraph at lines 448--463
 [][][][][][] 
 []

<cons_base_com_truth.pdf, id=301, 508.90125pt x 426.59375pt>
File: cons_base_com_truth.pdf Graphic file (type pdf)
<use cons_base_com_truth.pdf>
Package pdftex.def Info: cons_base_com_truth.pdf  used on input line 470.
(pdftex.def)             Requested size: 144.54pt x 121.16388pt.

Overfull \hbox (19.4693pt too wide) in paragraph at lines 470--470
 [][] 
 []

<regular_base_com_truth.pdf, id=302, 508.90125pt x 426.59375pt>
File: regular_base_com_truth.pdf Graphic file (type pdf)
<use regular_base_com_truth.pdf>
Package pdftex.def Info: regular_base_com_truth.pdf  used on input line 477.
(pdftex.def)             Requested size: 144.54pt x 121.16388pt.

Overfull \hbox (19.4693pt too wide) in paragraph at lines 477--477
 [][] 
 []

<com_base_com_truth.pdf, id=303, 508.90125pt x 426.59375pt>
File: com_base_com_truth.pdf Graphic file (type pdf)
<use com_base_com_truth.pdf>
Package pdftex.def Info: com_base_com_truth.pdf  used on input line 484.
(pdftex.def)             Requested size: 144.54pt x 121.16388pt.

Overfull \hbox (19.4693pt too wide) in paragraph at lines 484--484
 [][] 
 []


Overfull \hbox (16.21205pt too wide) in paragraph at lines 470--485
 [][][][][][] 
 []

<cons_base_com_truth_hyper.pdf, id=304, 508.90125pt x 426.59375pt>
File: cons_base_com_truth_hyper.pdf Graphic file (type pdf)
<use cons_base_com_truth_hyper.pdf>
Package pdftex.def Info: cons_base_com_truth_hyper.pdf  used on input line 492.

(pdftex.def)             Requested size: 144.54pt x 121.16388pt.

Overfull \hbox (19.4693pt too wide) in paragraph at lines 492--492
 [][] 
 []

<regular_base_com_truth_hyper.pdf, id=305, 508.90125pt x 426.59375pt>
File: regular_base_com_truth_hyper.pdf Graphic file (type pdf)
<use regular_base_com_truth_hyper.pdf>
Package pdftex.def Info: regular_base_com_truth_hyper.pdf  used on input line 4
99.
(pdftex.def)             Requested size: 144.54pt x 121.16388pt.

Overfull \hbox (19.4693pt too wide) in paragraph at lines 499--499
 [][] 
 []

<com_base_com_truth_hyper.pdf, id=306, 508.90125pt x 426.59375pt>
File: com_base_com_truth_hyper.pdf Graphic file (type pdf)
<use com_base_com_truth_hyper.pdf>
Package pdftex.def Info: com_base_com_truth_hyper.pdf  used on input line 506.
(pdftex.def)             Requested size: 144.54pt x 121.16388pt.

Overfull \hbox (19.4693pt too wide) in paragraph at lines 506--506
 [][] 
 []


Overfull \hbox (16.21205pt too wide) in paragraph at lines 492--507
 [][][][][][] 
 []

<leuk_smooth.pdf, id=307, 614.295pt x 426.59375pt>
File: leuk_smooth.pdf Graphic file (type pdf)
<use leuk_smooth.pdf>
Package pdftex.def Info: leuk_smooth.pdf  used on input line 519.
(pdftex.def)             Requested size: 170.54855pt x 180.6783pt.
<leuk_hyper.pdf, id=308, 614.295pt x 426.59375pt>
File: leuk_hyper.pdf Graphic file (type pdf)
<use leuk_hyper.pdf>
Package pdftex.def Info: leuk_hyper.pdf  used on input line 522.
(pdftex.def)             Requested size: 170.54855pt x 180.6783pt.
<kidney_hyper.pdf, id=311, 528.97626pt x 426.59375pt>
File: kidney_hyper.pdf Graphic file (type pdf)
<use kidney_hyper.pdf>
Package pdftex.def Info: kidney_hyper.pdf  used on input line 531.
(pdftex.def)             Requested size: 170.54308pt x 180.6783pt.
Package atveryend Info: Empty hook `BeforeClearDocument' on input line 537.
[11] [12] [13 <./cons_base.pdf> <./regular_base.pdf> <./com_base.pdf> <./cons_s
mooth.pdf> <./regular_smooth.pdf> <./com_smooth.pdf> <./cons_smooth_hyper.pdf> 
<./regular_smooth_hyper.pdf> <./com_smooth_hyper.pdf>] [14 <./cons_base_com_tru
th.pdf> <./regular_base_com_truth.pdf> <./com_base_com_truth.pdf> <./cons_base_
com_truth_hyper.pdf> <./regular_base_com_truth_hyper.pdf> <./com_base_com_truth
_hyper.pdf>] [15 <./leuk_smooth.pdf> <./leuk_hyper.pdf> <./kidney_hyper.pdf>]
Package atveryend Info: Empty hook `AfterLastShipout' on input line 537.

(./v2.aux)
Package atveryend Info: Executing hook `AtVeryEndDocument' on input line 537.
Package atveryend Info: Executing hook `AtEndAfterFileList' on input line 537.
Package rerunfilecheck Info: File `v2.out' has not changed.
(rerunfilecheck)             Checksum: 8C5C9E726216FE07D20C69788C0C704D;871.
Package rerunfilecheck Info: File `v2.brf' has not changed.
(rerunfilecheck)             Checksum: 978CC128CA1E50B77FA285B0D08B5E8A;1564.
 ) 
Here is how much of TeX's memory you used:
 8121 strings out of 480608
 122083 string characters out of 5903631
 401092 words of memory out of 5000000
 23739 multiletter control sequences out of 15000+600000
 545346 words of font info for 72 fonts, out of 8000000 for 9000
 1141 hyphenation exceptions out of 8191
 47i,15n,37p,1435b,456s stack positions out of 5000i,500n,10000p,200000b,80000s
{/usr/local/texlive/2020/texmf-dist/fonts/enc/dvips/cm-super/cm-super-ts1.enc
}</usr/local/texlive/2020/texmf-dist/fonts/type1/public/amsfonts/cm/cmbx9.pfb><
/usr/local/texlive/2020/texmf-dist/fonts/type1/public/amsfonts/cm/cmex10.pfb></
usr/local/texlive/2020/texmf-dist/fonts/type1/public/amsfonts/cm/cmmi10.pfb></u
sr/local/texlive/2020/texmf-dist/fonts/type1/public/amsfonts/cm/cmmi5.pfb></usr
/local/texlive/2020/texmf-dist/fonts/type1/public/amsfonts/cm/cmmi7.pfb></usr/l
ocal/texlive/2020/texmf-dist/fonts/type1/public/amsfonts/cm/cmmi8.pfb></usr/loc
al/texlive/2020/texmf-dist/fonts/type1/public/amsfonts/cm/cmr10.pfb></usr/local
/texlive/2020/texmf-dist/fonts/type1/public/amsfonts/cm/cmr5.pfb></usr/local/te
xlive/2020/texmf-dist/fonts/type1/public/amsfonts/cm/cmr7.pfb></usr/local/texli
ve/2020/texmf-dist/fonts/type1/public/amsfonts/cm/cmr8.pfb></usr/local/texlive/
2020/texmf-dist/fonts/type1/public/amsfonts/cm/cmr9.pfb></usr/local/texlive/202
0/texmf-dist/fonts/type1/public/amsfonts/cm/cmsl10.pfb></usr/local/texlive/2020
/texmf-dist/fonts/type1/public/amsfonts/cm/cmssbx10.pfb></usr/local/texlive/202
0/texmf-dist/fonts/type1/public/amsfonts/cm/cmsy10.pfb></usr/local/texlive/2020
/texmf-dist/fonts/type1/public/amsfonts/cm/cmsy7.pfb></usr/local/texlive/2020/t
exmf-dist/fonts/type1/public/amsfonts/cm/cmti10.pfb></usr/local/texlive/2020/te
xmf-dist/fonts/type1/public/amsfonts/cm/cmtt10.pfb></usr/local/texlive/2020/tex
mf-dist/fonts/type1/public/amsfonts/cm/cmtt8.pfb></usr/local/texlive/2020/texmf
-dist/fonts/type1/public/amsfonts/symbols/msbm10.pfb></usr/local/texlive/2020/t
exmf-dist/fonts/type1/public/cm-super/sfrm0600.pfb></usr/local/texlive/2020/tex
mf-dist/fonts/type1/public/cm-super/sfrm0900.pfb></usr/local/texlive/2020/texmf
-dist/fonts/type1/public/cm-super/sfrm1000.pfb>
Output written on v2.pdf (15 pages, 2113272 bytes).
PDF statistics:
 585 PDF objects out of 1000 (max. 8388607)
 501 compressed objects within 6 object streams
 92 named destinations out of 1000 (max. 500000)
 203 words of extra memory for PDF output out of 10000 (max. 10000000)

