This is pdfTeX, Version 3.141592653-2.6-1.40.22 (TeX Live 2021) (preloaded format=pdflatex 2021.5.17)  22 MAY 2021 19:31
entering extended mode
 restricted \write18 enabled.
 file:line:error style messages enabled.
 %&-line parsing enabled.
**"/home/ziang/Documents/Paper-for-Cox-PH-Model/Bayesian Analysis/v6.tex"
(/home/ziang/Documents/Paper-for-Cox-PH-Model/Bayesian Analysis/v6.tex
LaTeX2e <2020-10-01> patch level 4
L3 programming layer <2021-05-11> (./imsart.cls
Document Class: imsart 2020/08/23 driver class for package imsart.sty
(/home/ziang/.TinyTeX/texmf-dist/tex/latex/base/article.cls
Document Class: article 2020/04/10 v1.4m Standard LaTeX document class
(/home/ziang/.TinyTeX/texmf-dist/tex/latex/base/size10.clo
File: size10.clo 2020/04/10 v1.4m Standard LaTeX file (size option)
)
\c@part=\count179
\c@section=\count180
\c@subsection=\count181
\c@subsubsection=\count182
\c@paragraph=\count183
\c@subparagraph=\count184
\c@figure=\count185
\c@table=\count186
\abovecaptionskip=\skip47
\belowcaptionskip=\skip48
\bibindent=\dimen138
) (./imsart.sty
File: imsart.sty 2020/11/02 IMS article style
 (/home/ziang/.TinyTeX/texmf-dist/tex/latex/etoolbox/etoolbox.sty
Package: etoolbox 2020/10/05 v2.5k e-TeX tools for LaTeX (JAW)
\etb@tempcnta=\count187
)
No file imsart.cnf.
\c@firstpage=\count188
\c@lastpage=\count189
\c@thanks=\count190
\c@addressref=\count191
(/home/ziang/.TinyTeX/texmf-dist/tex/latex/graphics/keyval.sty
Package: keyval 2014/10/28 v1.15 key=value parser (DPC)
\KV@toks@=\toks15
)
\c@emailref=\count192
\c@author=\count193
\c@address=\count194
\sv@mathsurround=\dimen139
\sv@parindent=\dimen140
\fm@box=\box47
\fm@size=\dimen141
\t@xtheight=\dimen142
\abstract@box=\box48
\keyword@box=\box49
\pre@kwd@depth=\dimen143
 (/home/ziang/.TinyTeX/texmf-dist/tex/latex/base/fix-cm.sty
Package: fix-cm 2015/01/14 v1.1t fixes to LaTeX
 (/home/ziang/.TinyTeX/texmf-dist/tex/latex/base/ts1enc.def
File: ts1enc.def 2001/06/05 v3.0e (jk/car/fm) Standard LaTeX file
LaTeX Font Info:    Redeclaring font encoding TS1 on input line 47.
))
\authors@list=\toks16
\keywords@list=\toks17

No file imsart-ba.cnf.
No file imsart-vtex.cnf.
)) (/home/ziang/.TinyTeX/texmf-dist/tex/latex/adjustbox/adjustbox.sty
Package: adjustbox 2020/08/19 v1.3 Adjusting TeX boxes (trim, clip, ...)
 (/home/ziang/.TinyTeX/texmf-dist/tex/latex/xkeyval/xkeyval.sty
Package: xkeyval 2020/11/20 v2.8 package option processing (HA)
 (/home/ziang/.TinyTeX/texmf-dist/tex/generic/xkeyval/xkeyval.tex (/home/ziang/.TinyTeX/texmf-dist/tex/generic/xkeyval/xkvutils.tex
\XKV@toks=\toks18
\XKV@tempa@toks=\toks19
)
\XKV@depth=\count195
File: xkeyval.tex 2014/12/03 v2.7a key=value parser (HA)
)) (/home/ziang/.TinyTeX/texmf-dist/tex/latex/adjustbox/adjcalc.sty
Package: adjcalc 2012/05/16 v1.1 Provides advanced setlength with multiple back-ends (calc, etex, pgfmath)
) (/home/ziang/.TinyTeX/texmf-dist/tex/latex/adjustbox/trimclip.sty
Package: trimclip 2020/08/19 v1.2 Trim and clip general TeX material
 (/home/ziang/.TinyTeX/texmf-dist/tex/latex/graphics/graphicx.sty
Package: graphicx 2020/09/09 v1.2b Enhanced LaTeX Graphics (DPC,SPQR)
 (/home/ziang/.TinyTeX/texmf-dist/tex/latex/graphics/graphics.sty
Package: graphics 2020/08/30 v1.4c Standard LaTeX Graphics (DPC,SPQR)
 (/home/ziang/.TinyTeX/texmf-dist/tex/latex/graphics/trig.sty
Package: trig 2016/01/03 v1.10 sin cos tan (DPC)
) (/home/ziang/.TinyTeX/texmf-dist/tex/latex/graphics-cfg/graphics.cfg
File: graphics.cfg 2016/06/04 v1.11 sample graphics configuration
)
Package graphics Info: Driver file: pdftex.def on input line 105.
 (/home/ziang/.TinyTeX/texmf-dist/tex/latex/graphics-def/pdftex.def
File: pdftex.def 2020/10/05 v1.2a Graphics/color driver for pdftex
))
\Gin@req@height=\dimen144
\Gin@req@width=\dimen145
) (/home/ziang/.TinyTeX/texmf-dist/tex/latex/collectbox/collectbox.sty
Package: collectbox 2012/05/17 v0.4b Collect macro arguments as boxes
\collectedbox=\box50
)
\tc@llx=\dimen146
\tc@lly=\dimen147
\tc@urx=\dimen148
\tc@ury=\dimen149
Package trimclip Info: Using driver 'tc-pdftex.def'.
 (/home/ziang/.TinyTeX/texmf-dist/tex/latex/adjustbox/tc-pdftex.def
File: tc-pdftex.def 2019/01/04 v2.2 Clipping driver for pdftex
))
\adjbox@Width=\dimen150
\adjbox@Height=\dimen151
\adjbox@Depth=\dimen152
\adjbox@Totalheight=\dimen153
\adjbox@pwidth=\dimen154
\adjbox@pheight=\dimen155
\adjbox@pdepth=\dimen156
\adjbox@ptotalheight=\dimen157
 (/home/ziang/.TinyTeX/texmf-dist/tex/latex/varwidth/varwidth.sty
Package: varwidth 2009/03/30 ver 0.92;  Variable-width minipages
\@vwid@box=\box51
\sift@deathcycles=\count196
\@vwid@loff=\dimen158
\@vwid@roff=\dimen159
)) (/home/ziang/.TinyTeX/texmf-dist/tex/latex/placeins/placeins.sty
Package: placeins 2005/04/18  v 2.2
)

! LaTeX Error: File `mathrsfs.sty' not found.

Type X to quit or <RETURN> to proceed,
or enter new name. (Default extension: sty)

Enter file name: 
/home/ziang/Documents/Paper-for-Cox-PH-Model/Bayesian Analysis/v6.tex:14: Emergency stop.
<read *> 
         
l.14 \usepackage
                {subfigure}^^M
*** (cannot \read from terminal in nonstop modes)

 
Here is how much of TeX's memory you used:
 2882 strings out of 480796
 43869 string characters out of 5904810
 329209 words of memory out of 5000000
 20290 multiletter control sequences out of 15000+600000
 403430 words of font info for 27 fonts, out of 8000000 for 9000
 14 hyphenation exceptions out of 8191
 84i,0n,90p,341b,145s stack positions out of 5000i,500n,10000p,200000b,80000s
/home/ziang/Documents/Paper-for-Cox-PH-Model/Bayesian Analysis/v6.tex:14:  ==> Fatal error occurred, no output PDF file produced!
